TN:
SF:/Users/otwm/WebstormProjects/NuxtTypescript/index.d.ts
FNF:0
FNH:0
LF:0
LH:0
BRF:0
BRH:0
end_of_record
TN:
SF:/Users/otwm/WebstormProjects/NuxtTypescript/nuxt.config.ts
FN:48,(anonymous_0)
FNF:1
FNH:0
FNDA:0,(anonymous_0)
DA:3,0
DA:5,0
DA:27,0
DA:38,0
DA:48,0
DA:49,0
DA:50,0
DA:51,0
DA:55,0
DA:58,0
DA:60,0
LF:11
LH:0
BRDA:3,0,0,0
BRDA:3,0,1,0
BRDA:50,1,0,0
BRDA:50,1,1,0
BRF:4
BRH:0
end_of_record
TN:
SF:/Users/otwm/WebstormProjects/NuxtTypescript/components/Card.vue
FNF:0
FNH:0
DA:9,1
DA:17,2
DA:18,1
LF:3
LH:3
BRF:0
BRH:0
end_of_record
TN:
SF:/Users/otwm/WebstormProjects/NuxtTypescript/pages/index.vue
FN:31,(anonymous_3)
FNF:1
FNH:0
FNDA:0,(anonymous_3)
DA:15,0
DA:19,0
DA:21,0
DA:28,0
DA:29,0
LF:5
LH:0
BRF:0
BRH:0
end_of_record
TN:
SF:/Users/otwm/WebstormProjects/NuxtTypescript/server/app.ts
FN:6,(anonymous_1)
FN:10,(anonymous_2)
FNF:2
FNH:0
FNDA:0,(anonymous_1)
FNDA:0,(anonymous_2)
DA:1,0
DA:2,0
DA:4,0
DA:6,0
DA:7,0
DA:10,0
DA:11,0
DA:14,0
LF:8
LH:0
BRF:0
BRH:0
end_of_record
TN:
SF:/Users/otwm/WebstormProjects/NuxtTypescript/server/index.ts
FN:3,(anonymous_1)
FNF:1
FNH:0
FNDA:0,(anonymous_1)
DA:1,0
DA:3,0
DA:4,0
LF:3
LH:0
BRF:0
BRH:0
end_of_record
TN:
SF:/Users/otwm/WebstormProjects/NuxtTypescript/server/people.ts
FNF:0
FNH:0
DA:3,0
DA:19006,0
LF:2
LH:0
BRF:0
BRH:0
end_of_record
TN:
SF:/Users/otwm/WebstormProjects/NuxtTypescript/store/index.ts
FN:5,(anonymous_0)
FN:10,(anonymous_1)
FN:16,(anonymous_2)
FNF:3
FNH:0
FNDA:0,(anonymous_0)
FNDA:0,(anonymous_1)
FNDA:0,(anonymous_2)
DA:5,0
DA:9,0
DA:11,0
DA:15,0
DA:17,0
DA:20,0
DA:21,0
LF:7
LH:0
BRF:0
BRH:0
end_of_record
